[00:47:07] [main/INFO]: Loading tweak class name optifine.OptiFineTweaker
[00:47:07] [main/INFO]: Using primary tweak class name optifine.OptiFineTweaker
[00:47:07] [main/INFO]: Loading tweak class name org.tlauncher.tweaker.Tweaker
[00:47:07] [main/INFO]: Calling tweak class optifine.OptiFineTweaker
[00:47:07] [main/INFO]: [OptiFine] OptiFineTweaker: acceptOptions
[00:47:07] [main/INFO]: [OptiFine] OptiFineTweaker: injectIntoClassLoader
[00:47:07] [main/INFO]: [OptiFine] OptiFine ClassTransformer
[00:47:07] [main/INFO]: [OptiFine] OptiFine ZIP file: C:\Users\jamal\Documents\GitHub\mine-word\libraries\optifine\OptiFine\1.20.1_HD_U_I5_pre9\OptiFine-1.20.1_HD_U_I5_pre9.jar
[00:47:07] [main/INFO]: Calling tweak class org.tlauncher.tweaker.Tweaker
[00:47:07] [main/INFO]: [OptiFine] OptiFineTweaker: getLaunchArguments
[00:47:07] [main/INFO]: [OptiFine] OptiFineTweaker: getLaunchTarget
[00:47:07] [main/INFO]: Launching wrapped minecraft {net.minecraft.client.main.Main}
[00:47:08] [main/INFO]: [OptiFine] (Reflector) Class not present: net.minecraftforge.eventbus.api.Event$Result
[00:47:08] [main/INFO]: [OptiFine] (Reflector) Method not present: net.minecraftforge.common.extensions.IForgeEntity.canUpdate
[00:47:08] [main/INFO]: [OptiFine] (Reflector) Class not present: net.minecraftforge.logging.CrashReportExtender
[00:47:09] [main/INFO]: [OptiFine] (Reflector) Method not present: ane.create
[00:47:10] [Datafixer Bootstrap/INFO]: 188 Datafixer optimizations took 167 milliseconds
[00:47:11] [Render thread/INFO]: [OptiFine] (Reflector) Class not present: net.minecraftforge.client.ForgeHooksClient
[00:47:11] [Render thread/INFO]: Environment: authHost='https://authserver.mojang.com', accountsHost='https://api.mojang.com', sessionHost='https://sessionserver.mojang.com', servicesHost='https://api.minecraftservices.com', name='PROD'
[00:47:12] [Render thread/ERROR]: Failed to verify authentication
com.mojang.authlib.exceptions.InvalidCredentialsException: Status: 401
	at com.mojang.authlib.exceptions.MinecraftClientHttpException.toAuthenticationException(MinecraftClientHttpException.java:56) ~[authlib-4.0.43.1.jar:?]
	at com.mojang.authlib.yggdrasil.YggdrasilUserApiService.fetchProperties(YggdrasilUserApiService.java:147) ~[authlib-4.0.43.1.jar:?]
	at com.mojang.authlib.yggdrasil.YggdrasilUserApiService.<init>(YggdrasilUserApiService.java:63) ~[authlib-4.0.43.1.jar:?]
	at com.mojang.authlib.yggdrasil.YggdrasilAuthenticationService.createUserApiService(YggdrasilAuthenticationService.java:124) ~[authlib-4.0.43.1.jar:?]
	at enn.a(SourceFile:733) ~[OptiFine%201.20.1.jar:?]
	at enn.<init>(SourceFile:442) ~[OptiFine%201.20.1.jar:?]
	at net.minecraft.client.main.Main.main(SourceFile:211) ~[OptiFine%201.20.1.jar:?]
	at jdk.internal.reflect.NativeMethodAccessorImpl.invoke0(Native Method) ~[?:?]
	at jdk.internal.reflect.NativeMethodAccessorImpl.invoke(NativeMethodAccessorImpl.java:77) ~[?:?]
	at jdk.internal.reflect.DelegatingMethodAccessorImpl.invoke(DelegatingMethodAccessorImpl.java:43) ~[?:?]
	at java.lang.reflect.Method.invoke(Method.java:568) ~[?:?]
	at net.minecraft.launchwrapper.Launch.launch(Launch.java:159) ~[launchwrapper-of-2.3.jar:2.3]
	at net.minecraft.launchwrapper.Launch.main(Launch.java:30) ~[launchwrapper-of-2.3.jar:2.3]
Caused by: com.mojang.authlib.exceptions.MinecraftClientHttpException: Status: 401
	at com.mojang.authlib.minecraft.client.MinecraftClient.readInputStream(MinecraftClient.java:85) ~[authlib-4.0.43.1.jar:?]
	at com.mojang.authlib.minecraft.client.MinecraftClient.get(MinecraftClient.java:48) ~[authlib-4.0.43.1.jar:?]
	at com.mojang.authlib.yggdrasil.YggdrasilUserApiService.fetchProperties(YggdrasilUserApiService.java:122) ~[authlib-4.0.43.1.jar:?]
	... 11 more
[00:47:12] [Render thread/INFO]: Setting user: iJamal
[00:47:12] [Render thread/INFO]: [OptiFine] (Reflector) Class not present: net.minecraftforge.client.settings.KeyConflictContext
[00:47:12] [Render thread/INFO]: [OptiFine] (Reflector) Method not present: enl.getKeyModifier
[00:47:12] [Render thread/INFO]: [OptiFine] (Reflector) Class not present: net.minecraftforge.forge.snapshots.ForgeSnapshotsMod
[00:47:12] [Render thread/INFO]: [OptiFine] (Reflector) Class not present: net.minecraftforge.versions.forge.ForgeVersion
[00:47:12] [Render thread/WARN]: [OptiFine] (Reflector) java.lang.ClassNotFoundException: sun.misc.SharedSecrets
[00:47:12] [Render thread/WARN]: [OptiFine] (Reflector) java.lang.ClassNotFoundException: jdk.internal.misc.SharedSecrets
[00:47:12] [Render thread/WARN]: [OptiFine] (Reflector) java.lang.ClassNotFoundException: sun.misc.VM
[00:47:12] [Render thread/WARN]: [OptiFine] (Reflector) java.lang.reflect.InaccessibleObjectException: Unable to make public static long jdk.internal.misc.VM.maxDirectMemory() accessible: module java.base does not "exports jdk.internal.misc" to unnamed module @2cde66f4
[00:47:12] [Render thread/INFO]: Backend library: LWJGL version 3.3.1 build 7
[00:47:12] [Render thread/INFO]: [OptiFine] (Reflector) Class not present: net.minecraftforge.internal.BrandingControl
[00:47:12] [Render thread/INFO]: [OptiFine] (Reflector) Class not present: net.minecraftforge.fml.loading.ImmediateWindowHandler
[00:47:12] [Render thread/INFO]: [OptiFine] 
[00:47:12] [Render thread/INFO]: [OptiFine] OptiFine_1.20.1_HD_U_I5_pre9
[00:47:12] [Render thread/INFO]: [OptiFine] Build: 20230705-140342
[00:47:12] [Render thread/INFO]: [OptiFine] OS: Windows 10 (amd64) version 10.0
[00:47:12] [Render thread/INFO]: [OptiFine] Java: 17.0.3, Microsoft
[00:47:12] [Render thread/INFO]: [OptiFine] VM: OpenJDK 64-Bit Server VM (mixed mode), Microsoft
[00:47:12] [Render thread/INFO]: [OptiFine] LWJGL: 3.4.0 Win32 WGL Null EGL OSMesa VisualC DLL
[00:47:12] [Render thread/INFO]: [OptiFine] OpenGL: NVIDIA GeForce RTX 3060 Laptop GPU/PCIe/SSE2, version 3.2.0 NVIDIA 546.17, NVIDIA Corporation
[00:47:12] [Render thread/INFO]: [OptiFine] OpenGL Version: 3.2.0
[00:47:12] [Render thread/INFO]: [OptiFine] Maximum texture size: 32768x32768
[00:47:12] [VersionCheck/INFO]: [OptiFine] Checking for new version
[00:47:12] [Render thread/INFO]: [Shaders] OpenGL Version: 3.2.0 NVIDIA 546.17
[00:47:12] [Render thread/INFO]: [Shaders] Vendor:  NVIDIA Corporation
[00:47:12] [Render thread/INFO]: [Shaders] Renderer: NVIDIA GeForce RTX 3060 Laptop GPU/PCIe/SSE2
[00:47:12] [Render thread/INFO]: [Shaders] Capabilities:  2.0  2.1  3.0  3.2  - 
[00:47:12] [Render thread/INFO]: [Shaders] GL_MAX_DRAW_BUFFERS: 8
[00:47:12] [Render thread/INFO]: [Shaders] GL_MAX_COLOR_ATTACHMENTS: 8
[00:47:12] [Render thread/INFO]: [Shaders] GL_MAX_TEXTURE_IMAGE_UNITS: 32
[00:47:12] [Render thread/INFO]: [Shaders] Load shaders configuration.
[00:47:12] [Render thread/INFO]: [Shaders] Save shaders configuration.
[00:47:12] [Render thread/INFO]: [Shaders] No shaderpack loaded.
[00:47:12] [Render thread/INFO]: [OptiFine] (Reflector) Class not present: net.minecraftforge.fml.ModList
[00:47:12] [Render thread/INFO]: [OptiFine] (Reflector) Class not present: net.minecraftforge.client.model.ForgeItemModelShaper
[00:47:12] [Render thread/INFO]: [OptiFine] (Reflector) Class not present: net.minecraftforge.client.model.lighting.ForgeModelBlockRenderer
[00:47:13] [Render thread/INFO]: Reloading ResourceManager: vanilla
[00:47:13] [Render thread/INFO]: [OptiFine] *** Reloading textures ***
[00:47:13] [Render thread/INFO]: [OptiFine] Resource packs: vanilla
[00:47:13] [Render thread/INFO]: [OptiFine] (Reflector) Class not present: net.minecraftforge.client.gui.ModListScreen
[00:47:13] [Render thread/INFO]: [OptiFine] (Reflector) Class not present: net.minecraftforge.client.gui.TitleScreenModUpdateIndicator
[00:47:13] [Worker-Main-5/INFO]: Found unifont_all_no_pua-15.0.06.hex, loading
[00:47:13] [Worker-Main-2/INFO]: [OptiFine] Pre-stitch: minecraft:textures/atlas/chest.png
[00:47:13] [Worker-Main-10/INFO]: [OptiFine] Pre-stitch: minecraft:textures/atlas/banner_patterns.png
[00:47:13] [Worker-Main-2/INFO]: [OptiFine] Multitexture: false
[00:47:13] [Worker-Main-11/INFO]: [OptiFine] Pre-stitch: minecraft:textures/atlas/decorated_pot.png
[00:47:13] [Worker-Main-10/INFO]: [OptiFine] Multitexture: false
[00:47:13] [Worker-Main-3/INFO]: [OptiFine] Pre-stitch: minecraft:textures/atlas/shield_patterns.png
[00:47:13] [Worker-Main-6/INFO]: [OptiFine] Pre-stitch: minecraft:textures/atlas/signs.png
[00:47:13] [Worker-Main-3/INFO]: [OptiFine] Multitexture: false
[00:47:13] [Worker-Main-11/INFO]: [OptiFine] Multitexture: false
[00:47:13] [Worker-Main-6/INFO]: [OptiFine] Multitexture: false
[00:47:13] [Worker-Main-1/INFO]: [OptiFine] Pre-stitch: minecraft:textures/atlas/beds.png
[00:47:13] [Worker-Main-1/INFO]: [OptiFine] Multitexture: false
[00:47:13] [Worker-Main-9/INFO]: [OptiFine] Pre-stitch: minecraft:textures/atlas/armor_trims.png
[00:47:13] [Worker-Main-9/INFO]: [OptiFine] Multitexture: false
[00:47:13] [Render thread/INFO]: [OptiFine] *** Reflector Forge ***
[00:47:13] [Render thread/INFO]: [OptiFine] (Reflector) Method not present: net.minecraftforge.client.extensions.common.IClientItemExtensions.of
[00:47:13] [Render thread/INFO]: [OptiFine] (Reflector) Class not present: net.minecraftforge.client.loading.ClientModLoader
[00:47:13] [Render thread/INFO]: [OptiFine] (Reflector) Class not present: net.minecraftforge.event.level.ChunkDataEvent$Save
[00:47:13] [Render thread/INFO]: [OptiFine] (Reflector) Class not present: net.minecraftforge.event.level.ChunkEvent$Load
[00:47:13] [Render thread/INFO]: [OptiFine] (Reflector) Class not present: net.minecraftforge.event.level.ChunkEvent$Unload
[00:47:13] [Render thread/INFO]: [OptiFine] (Reflector) Class not present: net.minecraftforge.client.ColorResolverManager
[00:47:13] [Render thread/INFO]: [OptiFine] (Reflector) Class not present: net.minecraftforge.client.event.EntityRenderersEvent$AddLayers
[00:47:13] [Render thread/INFO]: [OptiFine] (Reflector) Class not present: net.minecraftforge.client.event.EntityRenderersEvent$CreateSkullModels
[00:47:13] [Render thread/INFO]: [OptiFine] (Reflector) Class not present: net.minecraftforge.event.entity.EntityLeaveLevelEvent
[00:47:13] [Render thread/INFO]: [OptiFine] (Reflector) Class not present: net.minecraftforge.client.event.ViewportEvent$ComputeCameraAngles
[00:47:13] [Render thread/INFO]: [OptiFine] (Reflector) Class not present: net.minecraftforge.event.entity.EntityJoinLevelEvent
[00:47:13] [Render thread/INFO]: [OptiFine] (Reflector) Method not present: net.minecraftforge.eventbus.api.Event.getResult
[00:47:13] [Render thread/INFO]: [OptiFine] (Reflector) Class not present: net.minecraftforge.eventbus.api.IEventBus
[00:47:13] [Render thread/INFO]: [OptiFine] (Reflector) Method not present: fkn.getTexture
[00:47:13] [Worker-Main-4/INFO]: [OptiFine] Pre-stitch: minecraft:textures/atlas/blocks.png
[00:47:13] [Render thread/INFO]: [OptiFine] (Reflector) Method not present: fkt.getFaceData
[00:47:13] [Render thread/INFO]: [OptiFine] (Reflector) Method not present: net.minecraftforge.common.extensions.IForgeBlockState.getSoundType
[00:47:13] [Render thread/INFO]: [OptiFine] (Reflector) Method not present: net.minecraftforge.common.extensions.IForgeBlockState.getStateAtViewpoint
[00:47:13] [Render thread/INFO]: [OptiFine] (Reflector) Method not present: net.minecraftforge.common.extensions.IForgeBlockState.shouldDisplayFluidOverlay
[00:47:13] [Render thread/INFO]: [OptiFine] (Reflector) Method not present: net.minecraftforge.common.extensions.IForgeEntity.getEyeInFluidType
[00:47:13] [Render thread/INFO]: [OptiFine] (Reflector) Method not present: net.minecraftforge.common.extensions.IForgeEntity.getParts
[00:47:13] [Render thread/INFO]: [OptiFine] (Reflector) Method not present: net.minecraftforge.common.extensions.IForgeEntity.hasCustomOutlineRendering
[00:47:13] [Render thread/INFO]: [OptiFine] (Reflector) Method not present: net.minecraftforge.common.extensions.IForgeEntity.isMultipartEntity
[00:47:13] [Worker-Main-4/INFO]: [OptiFine] Multitexture: false
[00:47:13] [Render thread/INFO]: [OptiFine] (Reflector) Method not present: net.minecraftforge.common.extensions.IForgeEntity.onAddedToWorld
[00:47:13] [Render thread/INFO]: [OptiFine] (Reflector) Method not present: net.minecraftforge.common.extensions.IForgeEntity.onRemovedFromWorld
[00:47:13] [Render thread/INFO]: [OptiFine] (Reflector) Method not present: net.minecraftforge.common.extensions.IForgeEntity.shouldRiderSit
[00:47:13] [Render thread/INFO]: [OptiFine] (Reflector) Class not present: net.minecraftforge.common.extensions.IForgePlayer
[00:47:13] [Render thread/INFO]: [OptiFine] (Reflector) Field not present: ahp.currentlyLoading
[00:47:13] [Render thread/INFO]: [OptiFine] (Reflector) Class not present: net.minecraftforge.event.ForgeEventFactory
[00:47:13] [Render thread/INFO]: [OptiFine] (Reflector) Class not present: net.minecraftforge.common.ForgeHooks
[00:47:13] [Render thread/INFO]: [OptiFine] (Reflector) Field not present: net.minecraftforge.common.ForgeConfig$Client.experimentalForgeLightPipelineEnabled
[00:47:13] [Render thread/INFO]: [OptiFine] (Reflector) Field not present: net.minecraftforge.common.ForgeConfig$Client.useCombinedDepthStencilAttachment
[00:47:13] [Render thread/INFO]: [OptiFine] (Reflector) Field not present: net.minecraftforge.common.ForgeConfigSpec.childConfig
[00:47:13] [Worker-Main-8/INFO]: [OptiFine] Pre-stitch: minecraft:textures/atlas/shulker_boxes.png
[00:47:13] [Worker-Main-8/INFO]: [OptiFine] Multitexture: false
[00:47:13] [Render thread/INFO]: [OptiFine] (Reflector) Field not present: net.minecraftforge.common.ForgeConfigSpec$ConfigValue.defaultSupplier
[00:47:13] [Render thread/INFO]: [OptiFine] (Reflector) Field not present: net.minecraftforge.common.ForgeConfigSpec$ConfigValue.spec
[00:47:13] [Render thread/INFO]: [OptiFine] (Reflector) Method not present: net.minecraftforge.common.ForgeConfigSpec$ConfigValue.get
[00:47:13] [Worker-Main-4/INFO]: [OptiFine] ConnectedTextures: optifine/ctm/default/00_glass_white/glass_pane_white.properties
[00:47:13] [Render thread/INFO]: [OptiFine] (Reflector) Method not present: ddx.getWorldForge
[00:47:13] [Render thread/INFO]: [OptiFine] (Reflector) Class not present: net.minecraftforge.common.extensions.IForgeItem
[00:47:13] [Render thread/INFO]: [OptiFine] (Reflector) Class not present: net.minecraftforge.common.extensions.IForgeItemStack
[00:47:13] [Render thread/INFO]: [OptiFine] (Reflector) Class not present: net.minecraftforge.common.ForgeI18n
[00:47:13] [Render thread/INFO]: [OptiFine] (Reflector) Method not present: enl.setKeyConflictContext
[00:47:13] [Render thread/INFO]: [OptiFine] (Reflector) Method not present: enl.setKeyModifierAndCode
[00:47:13] [Render thread/INFO]: [OptiFine] (Reflector) Method not present: dyl.render
[00:47:13] [Render thread/INFO]: [OptiFine] (Reflector) Method not present: cgq.getStyleModifier
[00:47:13] [Render thread/INFO]: [OptiFine] (Reflector) Field not present: aij.forceTicks
[00:47:13] [Render thread/INFO]: [OptiFine] (Reflector) Method not present: aij.isForceTicks
[00:47:13] [Render thread/INFO]: [OptiFine] (Reflector) Method not present: net.minecraftforge.common.extensions.IForgeBlockEntity.getRenderBoundingBox
[00:47:13] [Render thread/INFO]: [OptiFine] (Reflector) Method not present: net.minecraftforge.common.extensions.IForgeBlockEntity.hasCustomOutlineRendering
[00:47:13] [Worker-Main-2/INFO]: [OptiFine] Sprite size: 64
[00:47:13] [Worker-Main-2/INFO]: [OptiFine] Mipmap levels: 6
[00:47:13] [Render thread/INFO]: [OptiFine] (Reflector) Class not present: net.minecraftforge.client.extensions.IForgeDimensionSpecialEffects
[00:47:13] [Render thread/INFO]: [OptiFine] (Reflector) Class not present: net.minecraftforge.client.ItemDecoratorHandler
[00:47:13] [Render thread/INFO]: [OptiFine] (Reflector) Class not present: net.minecraftforge.client.model.geometry.GeometryLoaderManager
[00:47:13] [Render thread/INFO]: [OptiFine] (Reflector) Class not present: net.minecraftforge.client.settings.KeyModifier
[00:47:13] [Render thread/INFO]: [OptiFine] (Reflector) Class not present: net.minecraftforge.common.MinecraftForge
[00:47:13] [Worker-Main-1/INFO]: [OptiFine] Sprite size: 64
[00:47:13] [Render thread/INFO]: [OptiFine] (Reflector) Class not present: net.minecraftforge.fml.ModContainer
[00:47:13] [Worker-Main-2/INFO]: [OptiFine] Scaled too small texture: minecraft:missingno, 16 -> 64
[00:47:13] [Worker-Main-8/INFO]: [OptiFine] Sprite size: 64
[00:47:13] [Worker-Main-4/INFO]: [OptiFine] ConnectedTextures: optifine/ctm/default/00_glass_white/glass_white.properties
[00:47:13] [Worker-Main-1/INFO]: [OptiFine] Mipmap levels: 6
[00:47:13] [Worker-Main-8/INFO]: [OptiFine] Mipmap levels: 6
[00:47:13] [Render thread/INFO]: [OptiFine] (Reflector) Class not present: net.minecraftforge.fml.ModLoader
[00:47:13] [Render thread/INFO]: [OptiFine] (Reflector) Class not present: net.minecraftforge.event.PlayLevelSoundEvent
[00:47:13] [Render thread/INFO]: [OptiFine] (Reflector) Class not present: net.minecraftforge.client.model.pipeline.QuadBakingVertexConsumer
[00:47:13] [Render thread/INFO]: [OptiFine] (Reflector) Class not present: net.minecraftforge.client.model.QuadTransformers
[00:47:13] [Render thread/INFO]: [OptiFine] (Reflector) Class not present: net.minecraftforge.client.model.IQuadTransformer
[00:47:13] [Render thread/INFO]: [OptiFine] (Reflector) Class not present: net.minecraftforge.client.event.RegisterShadersEvent
[00:47:13] [Render thread/INFO]: [OptiFine] (Reflector) Class not present: net.minecraftforge.client.event.RenderBlockScreenEffectEvent$OverlayType
[00:47:13] [Render thread/INFO]: [OptiFine] (Reflector) Class not present: net.minecraftforge.client.event.CustomizeGuiOverlayEvent$BossEventProgress
[00:47:13] [Render thread/INFO]: [OptiFine] (Reflector) Class not present: net.minecraftforge.client.event.RenderItemInFrameEvent
[00:47:13] [Render thread/INFO]: [OptiFine] (Reflector) Field not present: net.minecraftforge.client.event.RenderLevelStageEvent$Stage.AFTER_SKY
[00:47:13] [Render thread/INFO]: [OptiFine] (Reflector) Field not present: net.minecraftforge.client.event.RenderLevelStageEvent$Stage.AFTER_SOLID_BLOCKS
[00:47:13] [Worker-Main-9/INFO]: [OptiFine] Mipmap levels: 4
[00:47:13] [Worker-Main-1/INFO]: [OptiFine] Scaled too small texture: minecraft:missingno, 16 -> 64
[00:47:13] [Worker-Main-8/INFO]: [OptiFine] Scaled too small texture: minecraft:missingno, 16 -> 64
[00:47:13] [Worker-Main-4/INFO]: [OptiFine] ConnectedTextures: optifine/ctm/default/01_glass_orange/glass_orange.properties
[00:47:13] [Render thread/INFO]: [OptiFine] (Reflector) Field not present: net.minecraftforge.client.event.RenderLevelStageEvent$Stage.AFTER_CUTOUT_MIPPED_BLOCKS_BLOCKS
[00:47:13] [Render thread/INFO]: [OptiFine] (Reflector) Field not present: net.minecraftforge.client.event.RenderLevelStageEvent$Stage.AFTER_CUTOUT_BLOCKS
[00:47:13] [Render thread/INFO]: [OptiFine] (Reflector) Field not present: net.minecraftforge.client.event.RenderLevelStageEvent$Stage.AFTER_ENTITIES
[00:47:13] [Render thread/INFO]: [OptiFine] (Reflector) Field not present: net.minecraftforge.client.event.RenderLevelStageEvent$Stage.AFTER_BLOCK_ENTITIES
[00:47:13] [Render thread/INFO]: [OptiFine] (Reflector) Field not present: net.minecraftforge.client.event.RenderLevelStageEvent$Stage.AFTER_TRANSLUCENT_BLOCKS
[00:47:13] [Render thread/INFO]: [OptiFine] (Reflector) Field not present: net.minecraftforge.client.event.RenderLevelStageEvent$Stage.AFTER_TRIPWIRE_BLOCKS
[00:47:13] [Render thread/INFO]: [OptiFine] (Reflector) Field not present: net.minecraftforge.client.event.RenderLevelStageEvent$Stage.AFTER_PARTICLES
[00:47:13] [Render thread/INFO]: [OptiFine] (Reflector) Field not present: net.minecraftforge.client.event.RenderLevelStageEvent$Stage.AFTER_WEATHER
[00:47:13] [Render thread/INFO]: [OptiFine] (Reflector) Field not present: net.minecraftforge.client.event.RenderLevelStageEvent$Stage.AFTER_LEVEL
[00:47:13] [Render thread/INFO]: [OptiFine] (Reflector) Class not present: net.minecraftforge.client.event.RenderLivingEvent$Pre
[00:47:13] [Render thread/INFO]: [OptiFine] (Reflector) Class not present: net.minecraftforge.client.event.RenderLivingEvent$Post
[00:47:13] [Render thread/INFO]: [OptiFine] (Reflector) Class not present: net.minecraftforge.client.event.RenderNameTagEvent
[00:47:13] [Render thread/INFO]: [OptiFine] (Reflector) Class not present: net.minecraftforge.client.event.RenderTooltipEvent
[00:47:13] [Render thread/INFO]: [OptiFine] (Reflector) Class not present: net.minecraftforge.client.event.RenderTooltipEvent$Color
[00:47:13] [Render thread/INFO]: [OptiFine] (Reflector) Class not present: net.minecraftforge.client.event.ScreenshotEvent
[00:47:13] [Render thread/INFO]: [OptiFine] (Reflector) Class not present: net.minecraftforge.server.ServerLifecycleHooks
[00:47:13] [Worker-Main-4/INFO]: [OptiFine] ConnectedTextures: optifine/ctm/default/01_glass_orange/glass_pane_orange.properties
[00:47:13] [Render thread/INFO]: [OptiFine] (Reflector) Method not present: fil.updateSprite
[00:47:13] [Worker-Main-6/INFO]: [OptiFine] Sprite size: 64
[00:47:13] [Worker-Main-6/INFO]: [OptiFine] Mipmap levels: 6
[00:47:13] [Worker-Main-4/INFO]: [OptiFine] ConnectedTextures: optifine/ctm/default/02_glass_magenta/glass_magenta.properties
[00:47:13] [Worker-Main-6/INFO]: [OptiFine] Scaled too small texture: minecraft:missingno, 16 -> 64
[00:47:13] [Worker-Main-4/INFO]: [OptiFine] ConnectedTextures: optifine/ctm/default/02_glass_magenta/glass_pane_magenta.properties
[00:47:13] [Worker-Main-4/INFO]: [OptiFine] ConnectedTextures: optifine/ctm/default/03_glass_light_blue/glass_light_blue.properties
[00:47:13] [Render thread/INFO]: [OptiFine] (Reflector) Method not present: exl.renderTooltipBackground
[00:47:13] [Worker-Main-11/INFO]: [OptiFine] Mipmap levels: 4
[00:47:13] [Render thread/INFO]: [OptiFine] (Reflector) Class not present: net.minecraftforge.event.level.LevelEvent$Load
[00:47:13] [Render thread/INFO]: [OptiFine] *** Reflector Vanilla ***
[00:47:13] [Worker-Main-4/INFO]: [OptiFine] ConnectedTextures: optifine/ctm/default/03_glass_light_blue/glass_pane_light_blue.properties
[00:47:13] [Worker-Main-4/INFO]: [OptiFine] ConnectedTextures: optifine/ctm/default/04_glass_yellow/glass_pane_yellow.properties
[00:47:13] [Worker-Main-4/INFO]: [OptiFine] ConnectedTextures: optifine/ctm/default/04_glass_yellow/glass_yellow.properties
[00:47:13] [Worker-Main-4/INFO]: [OptiFine] ConnectedTextures: optifine/ctm/default/05_glass_lime/glass_lime.properties
[00:47:13] [Worker-Main-10/INFO]: [OptiFine] Sprite size: 64
[00:47:13] [Worker-Main-10/INFO]: [OptiFine] Mipmap levels: 6
[00:47:13] [Worker-Main-4/INFO]: [OptiFine] ConnectedTextures: optifine/ctm/default/05_glass_lime/glass_pane_lime.properties
[00:47:13] [Worker-Main-4/INFO]: [OptiFine] ConnectedTextures: optifine/ctm/default/06_glass_pink/glass_pane_pink.properties
[00:47:13] [Worker-Main-10/INFO]: [OptiFine] Scaled too small texture: minecraft:missingno, 16 -> 64
[00:47:13] [Worker-Main-4/INFO]: [OptiFine] ConnectedTextures: optifine/ctm/default/06_glass_pink/glass_pink.properties
[00:47:13] [Worker-Main-4/INFO]: [OptiFine] ConnectedTextures: optifine/ctm/default/07_glass_gray/glass_gray.properties
[00:47:13] [Worker-Main-4/INFO]: [OptiFine] ConnectedTextures: optifine/ctm/default/07_glass_gray/glass_pane_gray.properties
[00:47:13] [Worker-Main-4/INFO]: [OptiFine] ConnectedTextures: optifine/ctm/default/08_glass_light_gray/glass_light_gray.properties
[00:47:13] [Worker-Main-4/INFO]: [OptiFine] ConnectedTextures: optifine/ctm/default/08_glass_light_gray/glass_pane_light_gray.properties
[00:47:13] [Worker-Main-4/INFO]: [OptiFine] ConnectedTextures: optifine/ctm/default/09_glass_cyan/glass_cyan.properties
[00:47:13] [Worker-Main-4/INFO]: [OptiFine] ConnectedTextures: optifine/ctm/default/09_glass_cyan/glass_pane_cyan.properties
[00:47:13] [Worker-Main-4/INFO]: [OptiFine] ConnectedTextures: optifine/ctm/default/10_glass_purple/glass_pane_purple.properties
[00:47:13] [Worker-Main-8/INFO]: [OptiFine] Scaled too small texture: minecraft:optifine/ctm/default/empty, 16 -> 64
[00:47:13] [Worker-Main-1/INFO]: [OptiFine] Scaled too small texture: minecraft:optifine/ctm/default/empty, 16 -> 64
[00:47:13] [Worker-Main-2/INFO]: [OptiFine] Scaled too small texture: minecraft:optifine/ctm/default/empty, 16 -> 64
[00:47:13] [Worker-Main-10/INFO]: [OptiFine] Scaled too small texture: minecraft:optifine/ctm/default/empty, 16 -> 64
[00:47:13] [Worker-Main-6/INFO]: [OptiFine] Scaled too small texture: minecraft:optifine/ctm/default/empty, 16 -> 64
[00:47:13] [Worker-Main-4/INFO]: [OptiFine] ConnectedTextures: optifine/ctm/default/10_glass_purple/glass_purple.properties
[00:47:13] [Worker-Main-3/INFO]: [OptiFine] Sprite size: 64
[00:47:13] [Worker-Main-3/INFO]: [OptiFine] Mipmap levels: 6
[00:47:13] [Worker-Main-4/INFO]: [OptiFine] ConnectedTextures: optifine/ctm/default/11_glass_blue/glass_blue.properties
[00:47:13] [Worker-Main-11/INFO]: [OptiFine] Pre-stitch: minecraft:textures/atlas/particles.png
[00:47:13] [Worker-Main-11/INFO]: [OptiFine] Multitexture: false
[00:47:13] [Worker-Main-2/INFO]: [OptiFine] Pre-stitch: minecraft:textures/atlas/paintings.png
[00:47:13] [Worker-Main-2/INFO]: [OptiFine] Multitexture: false
[00:47:13] [Worker-Main-4/INFO]: [OptiFine] ConnectedTextures: optifine/ctm/default/11_glass_blue/glass_pane_blue.properties
[00:47:13] [Worker-Main-6/INFO]: [OptiFine] Pre-stitch: minecraft:textures/atlas/mob_effects.png
[00:47:13] [Worker-Main-6/INFO]: [OptiFine] Multitexture: false
[00:47:13] [Worker-Main-4/INFO]: [OptiFine] ConnectedTextures: optifine/ctm/default/12_glass_brown/glass_brown.properties
[00:47:13] [Worker-Main-4/INFO]: [OptiFine] ConnectedTextures: optifine/ctm/default/12_glass_brown/glass_pane_brown.properties
[00:47:13] [Worker-Main-4/INFO]: [OptiFine] ConnectedTextures: optifine/ctm/default/13_glass_green/glass_green.properties
[00:47:13] [Worker-Main-4/INFO]: [OptiFine] ConnectedTextures: optifine/ctm/default/13_glass_green/glass_pane_green.properties
[00:47:13] [Worker-Main-3/INFO]: [OptiFine] Scaled too small texture: minecraft:missingno, 16 -> 64
[00:47:13] [Worker-Main-4/INFO]: [OptiFine] ConnectedTextures: optifine/ctm/default/14_glass_red/glass_pane_red.properties
[00:47:13] [Worker-Main-3/INFO]: [OptiFine] Scaled too small texture: minecraft:optifine/ctm/default/empty, 16 -> 64
[00:47:13] [Worker-Main-4/INFO]: [OptiFine] ConnectedTextures: optifine/ctm/default/14_glass_red/glass_red.properties
[00:47:13] [Worker-Main-4/INFO]: [OptiFine] ConnectedTextures: optifine/ctm/default/15_glass_black/glass_black.properties
[00:47:13] [Worker-Main-4/INFO]: [OptiFine] ConnectedTextures: optifine/ctm/default/15_glass_black/glass_pane_black.properties
[00:47:13] [Worker-Main-4/INFO]: [OptiFine] ConnectedTextures: optifine/ctm/default/20_glass/glass.properties
[00:47:13] [Worker-Main-4/INFO]: [OptiFine] ConnectedTextures: optifine/ctm/default/20_glass/glass_pane.properties
[00:47:13] [Worker-Main-11/INFO]: [OptiFine] Scaled non power of 2: minecraft:cherry_2, 3 -> 9
[00:47:13] [Worker-Main-11/INFO]: [OptiFine] Scaled non power of 2: minecraft:cherry_1, 3 -> 9
[00:47:13] [Worker-Main-11/INFO]: [OptiFine] Scaled non power of 2: minecraft:cherry_0, 3 -> 9
[00:47:13] [Worker-Main-11/INFO]: [OptiFine] Scaled non power of 2: minecraft:cherry_11, 3 -> 9
[00:47:13] [Worker-Main-11/INFO]: [OptiFine] Scaled non power of 2: minecraft:cherry_10, 3 -> 9
[00:47:13] [Worker-Main-11/INFO]: [OptiFine] Scaled non power of 2: minecraft:cherry_6, 3 -> 9
[00:47:13] [Worker-Main-4/INFO]: [OptiFine] ConnectedTextures: optifine/ctm/default/21_tinted_glass/tinted_glass.properties
[00:47:13] [Worker-Main-11/INFO]: [OptiFine] Scaled non power of 2: minecraft:cherry_5, 3 -> 9
[00:47:13] [Worker-Main-11/INFO]: [OptiFine] Scaled non power of 2: minecraft:cherry_4, 3 -> 9
[00:47:13] [Worker-Main-11/INFO]: [OptiFine] Scaled non power of 2: minecraft:cherry_3, 3 -> 9
[00:47:13] [Worker-Main-11/INFO]: [OptiFine] Scaled non power of 2: minecraft:cherry_9, 3 -> 9
[00:47:13] [Worker-Main-11/INFO]: [OptiFine] Scaled non power of 2: minecraft:cherry_8, 3 -> 9
[00:47:13] [Worker-Main-11/INFO]: [OptiFine] Scaled non power of 2: minecraft:cherry_7, 3 -> 9
[00:47:13] [Worker-Main-4/INFO]: [OptiFine] ConnectedTextures: optifine/ctm/default/30_bookshelf/bookshelf.properties
[00:47:13] [Worker-Main-4/INFO]: [OptiFine] ConnectedTextures: optifine/ctm/default/40_sandstone/sandstone.properties
[00:47:13] [Worker-Main-4/INFO]: [OptiFine] ConnectedTextures: optifine/ctm/default/41_red_sandstone/red_sandstone.properties
[00:47:13] [Worker-Main-4/INFO]: [OptiFine] Multipass connected textures: false
[00:47:13] [Realms Notification Availability checker #1/INFO]: Could not authorize you against Realms server: Invalid session id
[00:47:14] [Worker-Main-4/INFO]: [OptiFine] BetterGrass: Parsing default configuration optifine/bettergrass.properties
[00:47:14] [VersionCheck/INFO]: [OptiFine] java.io.FileNotFoundException: http://optifine.net/version/1.20.1/HD_U.txt
[00:47:15] [Worker-Main-4/INFO]: [OptiFine] Mipmap levels: 4
[00:47:16] [Render thread/WARN]: Missing sound for event: minecraft:item.goat_horn.play
[00:47:16] [Render thread/WARN]: Missing sound for event: minecraft:entity.goat.screaming.horn_break
[00:47:16] [Render thread/INFO]: OpenAL initialized on device OpenAL Soft on MP59G (NVIDIA High Definition Audio)
[00:47:16] [Render thread/INFO]: Sound engine started
[00:47:16] [Render thread/INFO]: Created: 1024x1024x4 minecraft:textures/atlas/blocks.png-atlas
[00:47:16] [Render thread/INFO]: [OptiFine] Animated sprites: 51
[00:47:16] [Render thread/INFO]: Created: 256x256x4 minecraft:textures/atlas/signs.png-atlas
[00:47:16] [Render thread/INFO]: [OptiFine] Animated sprites: 0
[00:47:16] [Render thread/INFO]: Created: 512x512x4 minecraft:textures/atlas/shield_patterns.png-atlas
[00:47:16] [Render thread/INFO]: [OptiFine] Animated sprites: 0
[00:47:16] [Render thread/INFO]: Created: 512x512x4 minecraft:textures/atlas/banner_patterns.png-atlas
[00:47:16] [Render thread/INFO]: [OptiFine] Animated sprites: 0
[00:47:16] [Render thread/INFO]: Created: 1024x1024x4 minecraft:textures/atlas/armor_trims.png-atlas
[00:47:16] [Render thread/INFO]: [OptiFine] Animated sprites: 0
[00:47:16] [Render thread/INFO]: Created: 256x256x4 minecraft:textures/atlas/chest.png-atlas
[00:47:16] [Render thread/INFO]: [OptiFine] Animated sprites: 0
[00:47:16] [Render thread/INFO]: Created: 128x64x4 minecraft:textures/atlas/decorated_pot.png-atlas
[00:47:16] [Render thread/INFO]: [OptiFine] Animated sprites: 0
[00:47:16] [Render thread/INFO]: Created: 512x256x4 minecraft:textures/atlas/beds.png-atlas
[00:47:16] [Render thread/INFO]: [OptiFine] Animated sprites: 0
[00:47:16] [Render thread/INFO]: Created: 512x256x4 minecraft:textures/atlas/shulker_boxes.png-atlas
[00:47:16] [Render thread/INFO]: [OptiFine] Animated sprites: 0
[00:47:16] [Render thread/WARN]: Shader rendertype_entity_translucent_emissive could not find sampler named Sampler2 in the specified shader program.
[00:47:16] [Render thread/INFO]: Created: 256x256x0 minecraft:textures/atlas/particles.png-atlas
[00:47:16] [Render thread/INFO]: [OptiFine] Animated sprites: 1
[00:47:16] [Render thread/INFO]: Created: 256x256x0 minecraft:textures/atlas/paintings.png-atlas
[00:47:16] [Render thread/INFO]: [OptiFine] Animated sprites: 0
[00:47:16] [Render thread/INFO]: Created: 128x128x0 minecraft:textures/atlas/mob_effects.png-atlas
[00:47:16] [Render thread/INFO]: [OptiFine] Animated sprites: 0
[00:47:16] [Render thread/INFO]: [OptiFine] *** Reloading custom textures ***
[00:47:17] [Render thread/INFO]: [OptiFine] Disable Forge light pipeline
[00:47:44] [Render thread/INFO]: Loaded 7 recipes
[00:47:44] [Render thread/INFO]: Loaded 1271 advancements
[00:47:44] [Server thread/INFO]: Starting integrated minecraft server version 1.20.1
[00:47:44] [Server thread/INFO]: Generating keypair
[00:47:45] [Server thread/INFO]: Preparing start region for dimension minecraft:overworld
[00:47:47] [Render thread/INFO]: Подготовка области возрождения: 0%
[00:47:47] [Render thread/INFO]: Подготовка области возрождения: 0%
[00:47:47] [Render thread/INFO]: Подготовка области возрождения: 0%
[00:47:47] [Render thread/INFO]: Подготовка области возрождения: 0%
[00:47:47] [Render thread/INFO]: Подготовка области возрождения: 0%
[00:47:48] [Render thread/INFO]: Подготовка области возрождения: 8%
[00:47:48] [Render thread/INFO]: Time elapsed: 2898 ms
[00:47:48] [Server thread/INFO]: Changing view distance to 8, from 10
[00:47:48] [Server thread/INFO]: Changing simulation distance to 12, from 0
[00:47:49] [Server thread/INFO]: iJamal[local:E:0f8f0821] logged in with entity id 165 at (-113.37789840323045, 75.0, -213.8896136957986)
[00:47:49] [Server thread/INFO]: iJamal присоединился к игре
[00:47:49] [Server thread/INFO]: iJamal получил достижение «[И кирка без дела ржавеет]»
[00:47:49] [Render thread/INFO]: [System] [CHAT] iJamal получил достижение «[И кирка без дела ржавеет]»
[00:47:49] [Render thread/INFO]: Loaded 53 advancements
[00:47:52] [Render thread/INFO]: calculated cape performance:TEXTURE_272, middle time: 1.1666666666666667
[00:47:52] [Render thread/INFO]: can use texture size:TEXTURE_272, middle time: 0.6
[00:47:54] [Server thread/INFO]: Saving and pausing game...
[00:47:54] [Server thread/INFO]: Saving chunks for level 'ServerLevel[New World]'/minecraft:overworld
[00:47:55] [Server thread/INFO]: Saving chunks for level 'ServerLevel[New World]'/minecraft:the_nether
[00:47:55] [Server thread/INFO]: Saving chunks for level 'ServerLevel[New World]'/minecraft:the_end
[00:48:08] [Server thread/INFO]: Saving and pausing game...
[00:48:08] [Server thread/INFO]: Saving chunks for level 'ServerLevel[New World]'/minecraft:overworld
[00:48:08] [Server thread/INFO]: Saving chunks for level 'ServerLevel[New World]'/minecraft:the_nether
[00:48:08] [Server thread/INFO]: Saving chunks for level 'ServerLevel[New World]'/minecraft:the_end
[00:48:15] [Server thread/INFO]: Saving and pausing game...
[00:48:15] [Server thread/INFO]: Saving chunks for level 'ServerLevel[New World]'/minecraft:overworld
[00:48:15] [Server thread/INFO]: Saving chunks for level 'ServerLevel[New World]'/minecraft:the_nether
[00:48:15] [Server thread/INFO]: Saving chunks for level 'ServerLevel[New World]'/minecraft:the_end
[00:48:19] [Server thread/INFO]: Saving and pausing game...
[00:48:19] [Server thread/INFO]: Saving chunks for level 'ServerLevel[New World]'/minecraft:overworld
[00:48:19] [Server thread/INFO]: Saving chunks for level 'ServerLevel[New World]'/minecraft:the_nether
[00:48:19] [Server thread/INFO]: Saving chunks for level 'ServerLevel[New World]'/minecraft:the_end
[00:48:26] [Server thread/INFO]: Saving and pausing game...
[00:48:26] [Server thread/INFO]: Saving chunks for level 'ServerLevel[New World]'/minecraft:overworld
[00:48:26] [Server thread/INFO]: Saving chunks for level 'ServerLevel[New World]'/minecraft:the_nether
[00:48:26] [Server thread/INFO]: Saving chunks for level 'ServerLevel[New World]'/minecraft:the_end
[00:48:57] [Render thread/INFO]: Loaded 62 advancements
[00:49:21] [Server thread/INFO]: Saving and pausing game...
[00:49:21] [Server thread/INFO]: Saving chunks for level 'ServerLevel[New World]'/minecraft:overworld
[00:49:21] [Server thread/INFO]: Saving chunks for level 'ServerLevel[New World]'/minecraft:the_nether
[00:49:21] [Server thread/INFO]: Saving chunks for level 'ServerLevel[New World]'/minecraft:the_end
[00:49:27] [Server thread/INFO]: Saving and pausing game...
[00:49:27] [Server thread/INFO]: Saving chunks for level 'ServerLevel[New World]'/minecraft:overworld
[00:49:27] [Server thread/INFO]: Saving chunks for level 'ServerLevel[New World]'/minecraft:the_nether
[00:49:27] [Server thread/INFO]: Saving chunks for level 'ServerLevel[New World]'/minecraft:the_end
[00:49:27] [Server thread/INFO]: iJamal lost connection: Отключение
[00:49:27] [Server thread/INFO]: iJamal покинул игру
[00:49:27] [Server thread/INFO]: Stopping singleplayer server as player logged out
[00:49:27] [Server thread/INFO]: Stopping server
[00:49:27] [Server thread/INFO]: Saving players
[00:49:27] [Server thread/INFO]: Saving worlds
[00:49:28] [Server thread/INFO]: Saving chunks for level 'ServerLevel[New World]'/minecraft:overworld
[00:49:28] [Server thread/INFO]: Saving chunks for level 'ServerLevel[New World]'/minecraft:the_nether
[00:49:28] [Server thread/INFO]: Saving chunks for level 'ServerLevel[New World]'/minecraft:the_end
[00:49:28] [Server thread/INFO]: ThreadedAnvilChunkStorage (New World): All chunks are saved
[00:49:28] [Server thread/INFO]: ThreadedAnvilChunkStorage (DIM-1): All chunks are saved
[00:49:28] [Server thread/INFO]: ThreadedAnvilChunkStorage (DIM1): All chunks are saved
[00:49:28] [Server thread/INFO]: ThreadedAnvilChunkStorage: All dimensions are saved
[00:49:31] [Render thread/INFO]: Stopping!
