[00:21:54] [Render thread/INFO]: Audio device was lost!
[00:21:54] [Render thread/WARN]: Missing sound for event: minecraft:item.goat_horn.play
[00:21:54] [Render thread/WARN]: Missing sound for event: minecraft:entity.goat.screaming.horn_break
[00:21:54] [Render thread/INFO]: OpenAL initialized on device OpenAL Soft on Динамики (Realtek(R) Audio)
[00:21:54] [Render thread/INFO]: Sound engine started
[00:21:54] [IO-Worker-293/INFO]: System default audio device has changed!
[00:21:54] [Render thread/WARN]: Missing sound for event: minecraft:item.goat_horn.play
[00:21:54] [Render thread/WARN]: Missing sound for event: minecraft:entity.goat.screaming.horn_break
[00:21:54] [Render thread/INFO]: OpenAL initialized on device OpenAL Soft on Динамики (Realtek(R) Audio)
[00:21:54] [Render thread/INFO]: Sound engine started
[00:28:12] [Render thread/WARN]: Unable to play empty soundEvent: minecraft:entity.salmon.ambient
[00:57:50] [IO-Worker-324/INFO]: System default audio device has changed!
[00:57:50] [Render thread/WARN]: Missing sound for event: minecraft:item.goat_horn.play
[00:57:50] [Render thread/WARN]: Missing sound for event: minecraft:entity.goat.screaming.horn_break
[00:57:50] [Render thread/INFO]: OpenAL initialized on device OpenAL Soft on MP59G (NVIDIA High Definition Audio)
[00:57:50] [Render thread/INFO]: Sound engine started
[00:58:02] [Render thread/INFO]: [System] [CHAT] [Отладка]: Наборы ресурсов перезагружены
[00:58:02] [Render thread/INFO]: Reloading ResourceManager: vanilla, mod_resources
[00:58:02] [Render thread/WARN]: [OptiFine] Unknown resource pack type: net.minecraftforge.resource.DelegatingPackResources: mod_resources
[00:58:02] [Render thread/WARN]: [OptiFine] Unknown resource pack type: net.minecraftforge.resource.DelegatingPackResources: mod_resources
[00:58:02] [Render thread/WARN]: [OptiFine] Unknown resource pack type: net.minecraftforge.resource.DelegatingPackResources: mod_resources
[00:58:02] [Render thread/WARN]: [OptiFine] Unknown resource pack type: net.minecraftforge.resource.DelegatingPackResources: mod_resources
[00:58:02] [Render thread/INFO]: [OptiFine] *** Reloading textures ***
[00:58:02] [Render thread/INFO]: [OptiFine] Resource packs: mod_resources
[00:58:02] [Render thread/WARN]: [OptiFine] Unknown resource pack type: net.minecraftforge.resource.DelegatingPackResources: mod_resources
[00:58:02] [Worker-Main-334/INFO]: Found unifont_all_no_pua-15.0.06.hex, loading
[00:58:02] [Worker-Main-329/INFO]: [OptiFine] Pre-stitch: minecraft:textures/atlas/signs.png
[00:58:02] [Worker-Main-331/INFO]: [OptiFine] Pre-stitch: minecraft:textures/atlas/banner_patterns.png
[00:58:02] [Worker-Main-329/INFO]: [OptiFine] Multitexture: false
[00:58:02] [Worker-Main-331/INFO]: [OptiFine] Multitexture: false
[00:58:02] [Worker-Main-318/INFO]: [OptiFine] Pre-stitch: minecraft:textures/atlas/shield_patterns.png
[00:58:02] [Worker-Main-318/INFO]: [OptiFine] Multitexture: false
[00:58:02] [Worker-Main-330/INFO]: [OptiFine] Pre-stitch: minecraft:textures/atlas/chest.png
[00:58:02] [Worker-Main-330/INFO]: [OptiFine] Multitexture: false
[00:58:02] [Worker-Main-333/INFO]: [OptiFine] Pre-stitch: minecraft:textures/atlas/armor_trims.png
[00:58:02] [Worker-Main-333/INFO]: [OptiFine] Multitexture: false
[00:58:02] [Worker-Main-327/INFO]: [OptiFine] Pre-stitch: minecraft:textures/atlas/decorated_pot.png
[00:58:02] [Worker-Main-327/INFO]: [OptiFine] Multitexture: false
[00:58:02] [Worker-Main-328/INFO]: [OptiFine] Pre-stitch: minecraft:textures/atlas/blocks.png
[00:58:02] [Worker-Main-328/INFO]: [OptiFine] Multitexture: false
[00:58:02] [Worker-Main-330/INFO]: [OptiFine] Sprite size: 64
[00:58:02] [Worker-Main-330/INFO]: [OptiFine] Mipmap levels: 6
[00:58:02] [Worker-Main-326/INFO]: [OptiFine] Pre-stitch: minecraft:textures/atlas/beds.png
[00:58:02] [Worker-Main-326/INFO]: [OptiFine] Multitexture: false
[00:58:02] [Worker-Main-330/INFO]: [OptiFine] Scaled too small texture: minecraft:missingno, 16 -> 64
[00:58:02] [Worker-Main-330/INFO]: [OptiFine] Scaled too small texture: minecraft:optifine/ctm/default/empty, 16 -> 64
[00:58:02] [Worker-Main-330/INFO]: [OptiFine] Pre-stitch: minecraft:textures/atlas/shulker_boxes.png
[00:58:02] [Worker-Main-330/INFO]: [OptiFine] Multitexture: false
[00:58:02] [Worker-Main-333/INFO]: [OptiFine] Mipmap levels: 4
[00:58:02] [Worker-Main-329/INFO]: [OptiFine] Sprite size: 64
[00:58:02] [Worker-Main-329/INFO]: [OptiFine] Mipmap levels: 6
[00:58:02] [Worker-Main-328/WARN]: [OptiFine] Unknown resource pack type: net.minecraftforge.resource.DelegatingPackResources: mod_resources
[00:58:02] [Worker-Main-328/INFO]: [OptiFine] Multipass connected textures: false
[00:58:02] [Worker-Main-327/INFO]: [OptiFine] Mipmap levels: 4
[00:58:02] [Worker-Main-329/INFO]: [OptiFine] Scaled too small texture: minecraft:missingno, 16 -> 64
[00:58:02] [Worker-Main-329/INFO]: [OptiFine] Scaled too small texture: minecraft:optifine/ctm/default/empty, 16 -> 64
[00:58:02] [Worker-Main-326/INFO]: [OptiFine] Sprite size: 64
[00:58:02] [Worker-Main-326/INFO]: [OptiFine] Mipmap levels: 6
[00:58:02] [Worker-Main-326/INFO]: [OptiFine] Scaled too small texture: minecraft:missingno, 16 -> 64
[00:58:02] [Worker-Main-330/INFO]: [OptiFine] Sprite size: 64
[00:58:02] [Worker-Main-330/INFO]: [OptiFine] Mipmap levels: 6
[00:58:02] [Worker-Main-326/INFO]: [OptiFine] Scaled too small texture: minecraft:optifine/ctm/default/empty, 16 -> 64
[00:58:02] [Worker-Main-332/INFO]: [OptiFine] Pre-stitch: minecraft:textures/atlas/particles.png
[00:58:02] [Worker-Main-332/INFO]: [OptiFine] Multitexture: false
[00:58:02] [Worker-Main-326/INFO]: [OptiFine] Pre-stitch: minecraft:textures/atlas/paintings.png
[00:58:02] [Worker-Main-326/INFO]: [OptiFine] Multitexture: false
[00:58:02] [Worker-Main-330/INFO]: [OptiFine] Scaled too small texture: minecraft:missingno, 16 -> 64
[00:58:02] [Worker-Main-330/INFO]: [OptiFine] Scaled too small texture: minecraft:optifine/ctm/default/empty, 16 -> 64
[00:58:02] [Worker-Main-327/INFO]: [OptiFine] Pre-stitch: minecraft:textures/atlas/mob_effects.png
[00:58:02] [Worker-Main-327/INFO]: [OptiFine] Multitexture: false
[00:58:02] [Worker-Main-318/INFO]: [OptiFine] Sprite size: 64
[00:58:02] [Worker-Main-318/INFO]: [OptiFine] Mipmap levels: 6
[00:58:02] [Worker-Main-331/INFO]: [OptiFine] Sprite size: 64
[00:58:02] [Worker-Main-331/INFO]: [OptiFine] Mipmap levels: 6
[00:58:02] [Worker-Main-326/INFO]: [OptiFine] Scaled non power of 2: minecraft:cherry_2, 3 -> 9
[00:58:02] [Worker-Main-326/INFO]: [OptiFine] Scaled non power of 2: minecraft:cherry_1, 3 -> 9
[00:58:02] [Worker-Main-326/INFO]: [OptiFine] Scaled non power of 2: minecraft:cherry_0, 3 -> 9
[00:58:02] [Worker-Main-326/INFO]: [OptiFine] Scaled non power of 2: minecraft:cherry_11, 3 -> 9
[00:58:02] [Worker-Main-326/INFO]: [OptiFine] Scaled non power of 2: minecraft:cherry_10, 3 -> 9
[00:58:02] [Worker-Main-326/INFO]: [OptiFine] Scaled non power of 2: minecraft:cherry_6, 3 -> 9
[00:58:02] [Worker-Main-326/INFO]: [OptiFine] Scaled non power of 2: minecraft:cherry_5, 3 -> 9
[00:58:02] [Worker-Main-326/INFO]: [OptiFine] Scaled non power of 2: minecraft:cherry_4, 3 -> 9
[00:58:02] [Worker-Main-326/INFO]: [OptiFine] Scaled non power of 2: minecraft:cherry_3, 3 -> 9
[00:58:02] [Worker-Main-326/INFO]: [OptiFine] Scaled non power of 2: minecraft:cherry_9, 3 -> 9
[00:58:02] [Worker-Main-326/INFO]: [OptiFine] Scaled non power of 2: minecraft:cherry_8, 3 -> 9
[00:58:02] [Worker-Main-326/INFO]: [OptiFine] Scaled non power of 2: minecraft:cherry_7, 3 -> 9
[00:58:02] [Worker-Main-318/INFO]: [OptiFine] Scaled too small texture: minecraft:missingno, 16 -> 64
[00:58:02] [Worker-Main-318/INFO]: [OptiFine] Scaled too small texture: minecraft:optifine/ctm/default/empty, 16 -> 64
[00:58:02] [Worker-Main-326/INFO]: [OptiFine] Scaled too small texture: minecraft:missingno, 16 -> 64
[00:58:02] [Worker-Main-326/INFO]: [OptiFine] Scaled too small texture: minecraft:optifine/ctm/default/empty, 16 -> 64
[00:58:02] [Worker-Main-328/INFO]: [OptiFine] ConnectedTextures: optifine/ctm/default/00_glass_white/glass_pane_white.properties
[00:58:02] [Worker-Main-328/INFO]: [OptiFine] ConnectedTextures: optifine/ctm/default/00_glass_white/glass_white.properties
[00:58:02] [Worker-Main-328/INFO]: [OptiFine] ConnectedTextures: optifine/ctm/default/01_glass_orange/glass_orange.properties
[00:58:02] [Worker-Main-328/INFO]: [OptiFine] ConnectedTextures: optifine/ctm/default/01_glass_orange/glass_pane_orange.properties
[00:58:02] [Worker-Main-328/INFO]: [OptiFine] ConnectedTextures: optifine/ctm/default/02_glass_magenta/glass_magenta.properties
[00:58:02] [Worker-Main-328/INFO]: [OptiFine] ConnectedTextures: optifine/ctm/default/02_glass_magenta/glass_pane_magenta.properties
[00:58:02] [Worker-Main-328/INFO]: [OptiFine] ConnectedTextures: optifine/ctm/default/03_glass_light_blue/glass_light_blue.properties
[00:58:02] [Worker-Main-328/INFO]: [OptiFine] ConnectedTextures: optifine/ctm/default/03_glass_light_blue/glass_pane_light_blue.properties
[00:58:02] [Worker-Main-328/INFO]: [OptiFine] ConnectedTextures: optifine/ctm/default/04_glass_yellow/glass_pane_yellow.properties
[00:58:02] [Worker-Main-328/INFO]: [OptiFine] ConnectedTextures: optifine/ctm/default/04_glass_yellow/glass_yellow.properties
[00:58:02] [Worker-Main-328/INFO]: [OptiFine] ConnectedTextures: optifine/ctm/default/05_glass_lime/glass_lime.properties
[00:58:02] [Worker-Main-328/INFO]: [OptiFine] ConnectedTextures: optifine/ctm/default/05_glass_lime/glass_pane_lime.properties
[00:58:02] [Worker-Main-328/INFO]: [OptiFine] ConnectedTextures: optifine/ctm/default/06_glass_pink/glass_pane_pink.properties
[00:58:02] [Worker-Main-328/INFO]: [OptiFine] ConnectedTextures: optifine/ctm/default/06_glass_pink/glass_pink.properties
[00:58:02] [Worker-Main-328/INFO]: [OptiFine] ConnectedTextures: optifine/ctm/default/07_glass_gray/glass_gray.properties
[00:58:02] [Worker-Main-328/INFO]: [OptiFine] ConnectedTextures: optifine/ctm/default/07_glass_gray/glass_pane_gray.properties
[00:58:02] [Worker-Main-328/INFO]: [OptiFine] ConnectedTextures: optifine/ctm/default/08_glass_light_gray/glass_light_gray.properties
[00:58:02] [Worker-Main-328/INFO]: [OptiFine] ConnectedTextures: optifine/ctm/default/08_glass_light_gray/glass_pane_light_gray.properties
[00:58:02] [Worker-Main-328/INFO]: [OptiFine] ConnectedTextures: optifine/ctm/default/09_glass_cyan/glass_cyan.properties
[00:58:02] [Worker-Main-328/INFO]: [OptiFine] ConnectedTextures: optifine/ctm/default/09_glass_cyan/glass_pane_cyan.properties
[00:58:02] [Worker-Main-328/INFO]: [OptiFine] ConnectedTextures: optifine/ctm/default/10_glass_purple/glass_pane_purple.properties
[00:58:02] [Worker-Main-328/INFO]: [OptiFine] ConnectedTextures: optifine/ctm/default/10_glass_purple/glass_purple.properties
[00:58:02] [Worker-Main-328/INFO]: [OptiFine] ConnectedTextures: optifine/ctm/default/11_glass_blue/glass_blue.properties
[00:58:02] [Worker-Main-328/INFO]: [OptiFine] ConnectedTextures: optifine/ctm/default/11_glass_blue/glass_pane_blue.properties
[00:58:02] [Worker-Main-328/INFO]: [OptiFine] ConnectedTextures: optifine/ctm/default/12_glass_brown/glass_brown.properties
[00:58:02] [Worker-Main-328/INFO]: [OptiFine] ConnectedTextures: optifine/ctm/default/12_glass_brown/glass_pane_brown.properties
[00:58:02] [Worker-Main-328/INFO]: [OptiFine] ConnectedTextures: optifine/ctm/default/13_glass_green/glass_green.properties
[00:58:02] [Worker-Main-328/INFO]: [OptiFine] ConnectedTextures: optifine/ctm/default/13_glass_green/glass_pane_green.properties
[00:58:02] [Worker-Main-328/INFO]: [OptiFine] ConnectedTextures: optifine/ctm/default/14_glass_red/glass_pane_red.properties
[00:58:02] [Worker-Main-328/INFO]: [OptiFine] ConnectedTextures: optifine/ctm/default/14_glass_red/glass_red.properties
[00:58:02] [Worker-Main-328/INFO]: [OptiFine] ConnectedTextures: optifine/ctm/default/15_glass_black/glass_black.properties
[00:58:02] [Worker-Main-328/INFO]: [OptiFine] ConnectedTextures: optifine/ctm/default/15_glass_black/glass_pane_black.properties
[00:58:02] [Worker-Main-328/INFO]: [OptiFine] ConnectedTextures: optifine/ctm/default/20_glass/glass.properties
[00:58:02] [Worker-Main-328/INFO]: [OptiFine] ConnectedTextures: optifine/ctm/default/20_glass/glass_pane.properties
[00:58:02] [Worker-Main-328/INFO]: [OptiFine] ConnectedTextures: optifine/ctm/default/21_tinted_glass/tinted_glass.properties
[00:58:02] [Worker-Main-328/INFO]: [OptiFine] ConnectedTextures: optifine/ctm/default/30_bookshelf/bookshelf.properties
[00:58:02] [Worker-Main-328/INFO]: [OptiFine] ConnectedTextures: optifine/ctm/default/40_sandstone/sandstone.properties
[00:58:02] [Worker-Main-328/INFO]: [OptiFine] ConnectedTextures: optifine/ctm/default/41_red_sandstone/red_sandstone.properties
[00:58:02] [Worker-Main-328/INFO]: [OptiFine] Multipass connected textures: false
[00:58:03] [Worker-Main-328/INFO]: [OptiFine] BetterGrass: Parsing default configuration optifine/bettergrass.properties
[00:58:03] [Worker-Main-328/INFO]: [OptiFine] Mipmap levels: 4
[00:58:04] [Render thread/WARN]: Missing sound for event: minecraft:item.goat_horn.play
[00:58:04] [Render thread/WARN]: Missing sound for event: minecraft:entity.goat.screaming.horn_break
[00:58:04] [Render thread/INFO]: OpenAL initialized on device OpenAL Soft on MP59G (NVIDIA High Definition Audio)
[00:58:04] [Render thread/INFO]: Sound engine started
[00:58:04] [Render thread/INFO]: Created: 1024x1024x4 minecraft:textures/atlas/blocks.png-atlas
[00:58:04] [Render thread/INFO]: [OptiFine] Animated sprites: 53
[00:58:04] [Render thread/INFO]: Created: 256x256x4 minecraft:textures/atlas/signs.png-atlas
[00:58:04] [Render thread/INFO]: [OptiFine] Animated sprites: 0
[00:58:04] [Render thread/INFO]: Created: 512x512x4 minecraft:textures/atlas/banner_patterns.png-atlas
[00:58:04] [Render thread/INFO]: [OptiFine] Animated sprites: 0
[00:58:04] [Render thread/INFO]: Created: 512x512x4 minecraft:textures/atlas/shield_patterns.png-atlas
[00:58:04] [Render thread/INFO]: [OptiFine] Animated sprites: 0
[00:58:04] [Render thread/INFO]: Created: 1024x1024x4 minecraft:textures/atlas/armor_trims.png-atlas
[00:58:04] [Render thread/INFO]: [OptiFine] Animated sprites: 0
[00:58:04] [Render thread/INFO]: Created: 256x256x4 minecraft:textures/atlas/chest.png-atlas
[00:58:04] [Render thread/INFO]: [OptiFine] Animated sprites: 0
[00:58:04] [Render thread/INFO]: Created: 128x64x4 minecraft:textures/atlas/decorated_pot.png-atlas
[00:58:04] [Render thread/INFO]: [OptiFine] Animated sprites: 0
[00:58:04] [Render thread/INFO]: Created: 512x256x4 minecraft:textures/atlas/beds.png-atlas
[00:58:04] [Render thread/INFO]: [OptiFine] Animated sprites: 0
[00:58:04] [Render thread/INFO]: Created: 512x256x4 minecraft:textures/atlas/shulker_boxes.png-atlas
[00:58:04] [Render thread/INFO]: [OptiFine] Animated sprites: 0
[00:58:04] [Render thread/WARN]: Shader rendertype_entity_translucent_emissive could not find sampler named Sampler2 in the specified shader program.
[00:58:04] [Render thread/INFO]: Created: 256x256x0 minecraft:textures/atlas/particles.png-atlas
[00:58:04] [Render thread/INFO]: [OptiFine] Animated sprites: 1
[00:58:04] [Render thread/INFO]: Created: 256x256x0 minecraft:textures/atlas/paintings.png-atlas
[00:58:04] [Render thread/INFO]: [OptiFine] Animated sprites: 0
[00:58:04] [Render thread/INFO]: Created: 128x128x0 minecraft:textures/atlas/mob_effects.png-atlas
[00:58:04] [Render thread/INFO]: [OptiFine] Animated sprites: 0
[00:58:04] [Render thread/INFO]: [OptiFine] *** Reloading custom textures ***
[00:58:04] [Render thread/WARN]: [OptiFine] Unknown resource pack type: net.minecraftforge.resource.DelegatingPackResources: mod_resources
[00:58:04] [Render thread/WARN]: [OptiFine] Unknown resource pack type: net.minecraftforge.resource.DelegatingPackResources: mod_resources
[00:58:04] [Render thread/WARN]: [OptiFine] Unknown resource pack type: net.minecraftforge.resource.DelegatingPackResources: mod_resources
[00:58:05] [Render thread/WARN]: [OptiFine] Unknown resource pack type: net.minecraftforge.resource.DelegatingPackResources: mod_resources
[00:58:05] [Render thread/WARN]: [OptiFine] Unknown resource pack type: net.minecraftforge.resource.DelegatingPackResources: mod_resources
[00:58:05] [Render thread/INFO]: [OptiFine] Disable Forge light pipeline
[00:58:05] [Render thread/INFO]: [OptiFine] Set ForgeConfig.CLIENT.experimentalForgeLightPipelineEnabled=false
[01:00:17] [Render thread/WARN]: Unable to play empty soundEvent: minecraft:entity.salmon.ambient
[01:10:48] [Server thread/INFO]: iJamal lost connection: Отключение
[01:10:48] [Server thread/INFO]: iJamal покинул игру
[01:10:48] [Server thread/INFO]: Stopping singleplayer server as player logged out
[01:10:48] [Server thread/INFO]: Stopping server
[01:10:48] [Server thread/INFO]: Saving players
[01:10:48] [Server thread/INFO]: Saving worlds
[01:10:49] [Server thread/INFO]: Saving chunks for level 'ServerLevel[Типа мир]'/minecraft:overworld
[01:10:49] [Server thread/INFO]: Saving chunks for level 'ServerLevel[Типа мир]'/minecraft:the_nether
[01:10:49] [Server thread/INFO]: Saving chunks for level 'ServerLevel[Типа мир]'/minecraft:the_end
[01:10:49] [Server thread/INFO]: ThreadedAnvilChunkStorage (New World): All chunks are saved
[01:10:49] [Server thread/INFO]: ThreadedAnvilChunkStorage (DIM-1): All chunks are saved
[01:10:49] [Server thread/INFO]: ThreadedAnvilChunkStorage (DIM1): All chunks are saved
[01:10:49] [Server thread/INFO]: ThreadedAnvilChunkStorage: All dimensions are saved
[01:10:50] [Render thread/INFO]: Stopping!
